<?xml version="1.0" encoding="UTF-8"?>
<!-- Generated by org.testng.reporters.JUnitXMLReporter -->
<testsuite ignored="16" hostname="LAPTOP-5RVEOITO" failures="0" tests="5" name="Test" time="282.455" errors="0" timestamp="2025-03-13T11:06:32 IST">
  <testcase classname="GenericLibrary.BaseTest" name="@AfterMethod Logout" time="11.05">
    <failure type="org.openqa.selenium.NoSuchElementException" message="no such element: Unable to locate element: {&amp;quot;method&amp;quot;:&amp;quot;xpath&amp;quot;,&amp;quot;selector&amp;quot;:&amp;quot;//span[@class=&amp;apos;oxd-userdropdown-tab&amp;apos;]&amp;quot;}
  (Session info: chrome=134.0.6998.89)
For documentation on this error, please visit: https://www.selenium.dev/documentation/webdriver/troubleshooting/errors#no-such-element-exception
Build info: version: &amp;apos;4.25.0&amp;apos;, revision: &amp;apos;8a8aea2337&amp;apos;
System info: os.name: &amp;apos;Windows 11&amp;apos;, os.arch: &amp;apos;amd64&amp;apos;, os.version: &amp;apos;10.0&amp;apos;, java.version: &amp;apos;17.0.10&amp;apos;
Driver info: org.openqa.selenium.chrome.ChromeDriver
Command: [cf7d05c15fcd7ca76ae7a45e6a37d5c5, findElement {value=//span[@class=&amp;apos;oxd-userdropdown-tab&amp;apos;], using=xpath}]
Capabilities {acceptInsecureCerts: false, browserName: chrome, browserVersion: 134.0.6998.89, chrome: {chromedriverVersion: 134.0.6998.88 (7e3d5c978c6d..., userDataDir: C:\Users\Asus\AppData\Local...}, fedcm:accounts: true, goog:chromeOptions: {debuggerAddress: localhost:63806}, networkConnectionEnabled: false, pageLoadStrategy: normal, platformName: windows, proxy: Proxy(), se:cdp: ws://localhost:63806/devtoo..., se:cdpVersion: 134.0.6998.89, setWindowRect: true, strictFileInteractability: false, timeouts: {implicit: 0, pageLoad: 300000, script: 30000}, unhandledPromptBehavior: dismiss and notify, webauthn:extension:credBlob: true, webauthn:extension:largeBlob: true, webauthn:extension:minPinLength: true, webauthn:extension:prf: true, webauthn:virtualAuthenticators: true}
Session ID: cf7d05c15fcd7ca76ae7a45e6a37d5c5">
      <![CDATA[org.openqa.selenium.NoSuchElementException: no such element: Unable to locate element: {"method":"xpath","selector":"//span[@class='oxd-userdropdown-tab']"}
  (Session info: chrome=134.0.6998.89)
For documentation on this error, please visit: https://www.selenium.dev/documentation/webdriver/troubleshooting/errors#no-such-element-exception
Build info: version: '4.25.0', revision: '8a8aea2337'
System info: os.name: 'Windows 11', os.arch: 'amd64', os.version: '10.0', java.version: '17.0.10'
Driver info: org.openqa.selenium.chrome.ChromeDriver
Command: [cf7d05c15fcd7ca76ae7a45e6a37d5c5, findElement {value=//span[@class='oxd-userdropdown-tab'], using=xpath}]
Capabilities {acceptInsecureCerts: false, browserName: chrome, browserVersion: 134.0.6998.89, chrome: {chromedriverVersion: 134.0.6998.88 (7e3d5c978c6d..., userDataDir: C:\Users\Asus\AppData\Local...}, fedcm:accounts: true, goog:chromeOptions: {debuggerAddress: localhost:63806}, networkConnectionEnabled: false, pageLoadStrategy: normal, platformName: windows, proxy: Proxy(), se:cdp: ws://localhost:63806/devtoo..., se:cdpVersion: 134.0.6998.89, setWindowRect: true, strictFileInteractability: false, timeouts: {implicit: 0, pageLoad: 300000, script: 30000}, unhandledPromptBehavior: dismiss and notify, webauthn:extension:credBlob: true, webauthn:extension:largeBlob: true, webauthn:extension:minPinLength: true, webauthn:extension:prf: true, webauthn:virtualAuthenticators: true}
Session ID: cf7d05c15fcd7ca76ae7a45e6a37d5c5
at org.openqa.selenium.remote.ErrorCodec.decode(ErrorCodec.java:167)
at org.openqa.selenium.remote.codec.w3c.W3CHttpResponseCodec.decode(W3CHttpResponseCodec.java:138)
at org.openqa.selenium.remote.codec.w3c.W3CHttpResponseCodec.decode(W3CHttpResponseCodec.java:50)
at org.openqa.selenium.remote.HttpCommandExecutor.execute(HttpCommandExecutor.java:190)
at org.openqa.selenium.remote.service.DriverCommandExecutor.invokeExecute(DriverCommandExecutor.java:216)
at org.openqa.selenium.remote.service.DriverCommandExecutor.execute(DriverCommandExecutor.java:174)
at org.openqa.selenium.remote.RemoteWebDriver.execute(RemoteWebDriver.java:545)
at org.openqa.selenium.remote.ElementLocation$ElementFinder$2.findElement(ElementLocation.java:165)
at org.openqa.selenium.remote.ElementLocation.findElement(ElementLocation.java:59)
at org.openqa.selenium.remote.RemoteWebDriver.findElement(RemoteWebDriver.java:368)
at org.openqa.selenium.remote.RemoteWebDriver.findElement(RemoteWebDriver.java:362)
at org.openqa.selenium.support.pagefactory.DefaultElementLocator.findElement(DefaultElementLocator.java:68)
at org.openqa.selenium.support.pagefactory.internal.LocatingElementHandler.invoke(LocatingElementHandler.java:38)
at jdk.proxy2/jdk.proxy2.$Proxy20.click(Unknown Source)
at Pompages.LogoutPage.logout(LogoutPage.java:24)
at GenericLibrary.BaseTest.Logout(BaseTest.java:92)
at java.base/java.util.ArrayList.forEach(ArrayList.java:1511)
... Removed 37 stack frames]]>
    </failure>
  </testcase> <!-- @AfterMethod Logout -->
  <testcase classname="GenericLibrary.BaseTest" name="@AfterClass totearDown" time="0.0">
    <skipped/>
  </testcase> <!-- @AfterClass totearDown -->
  <testcase classname="TestScripts.ForgotPassTest" name="toPerformforgotpass" time="10.201"/>
  <testcase classname="TestScripts.PIMtest" name="PIMTest" time="84.573"/>
  <testcase classname="TestScripts.AdminTest" name="toCheckFunctionalityOfAdmin" time="10.07"/>
  <testcase classname="TestScripts.AssignLeaveTest" name="assignLeaveTest" time="48.319"/>
  <testcase classname="TestScripts.LeaveTest" name="toTestTheFunctionalityOfLeave" time="49.201"/>
  <testcase classname="GenericLibrary.BaseTest" name="@BeforeSuite toConnectTheServer" time="0.0">
    <ignored/>
  </testcase> <!-- @BeforeSuite toConnectTheServer -->
  <testcase classname="GenericLibrary.BaseTest" name="@AfterTest toCloseTheDb" time="0.0">
    <ignored/>
  </testcase> <!-- @AfterTest toCloseTheDb -->
  <testcase classname="GenericLibrary.BaseTest" name="@BeforeTest toConnectTheDB" time="0.0">
    <ignored/>
  </testcase> <!-- @BeforeTest toConnectTheDB -->
  <testcase classname="GenericLibrary.BaseTest" name="@AfterSuite toclosetheserver" time="0.0">
    <ignored/>
  </testcase> <!-- @AfterSuite toclosetheserver -->
  <testcase classname="GenericLibrary.BaseTest" name="@AfterSuite toclosetheserver" time="0.0">
    <ignored/>
  </testcase> <!-- @AfterSuite toclosetheserver -->
  <testcase classname="GenericLibrary.BaseTest" name="@BeforeSuite toConnectTheServer" time="0.0">
    <ignored/>
  </testcase> <!-- @BeforeSuite toConnectTheServer -->
  <testcase classname="GenericLibrary.BaseTest" name="@AfterTest toCloseTheDb" time="0.0">
    <ignored/>
  </testcase> <!-- @AfterTest toCloseTheDb -->
  <testcase classname="GenericLibrary.BaseTest" name="@AfterSuite toclosetheserver" time="0.0">
    <ignored/>
  </testcase> <!-- @AfterSuite toclosetheserver -->
  <testcase classname="GenericLibrary.BaseTest" name="@BeforeTest toConnectTheDB" time="0.0">
    <ignored/>
  </testcase> <!-- @BeforeTest toConnectTheDB -->
  <testcase classname="GenericLibrary.BaseTest" name="@BeforeTest toConnectTheDB" time="0.0">
    <ignored/>
  </testcase> <!-- @BeforeTest toConnectTheDB -->
  <testcase classname="GenericLibrary.BaseTest" name="@BeforeTest toConnectTheDB" time="0.0">
    <ignored/>
  </testcase> <!-- @BeforeTest toConnectTheDB -->
  <testcase classname="GenericLibrary.BaseTest" name="@AfterTest toCloseTheDb" time="0.0">
    <ignored/>
  </testcase> <!-- @AfterTest toCloseTheDb -->
  <testcase classname="GenericLibrary.BaseTest" name="@AfterSuite toclosetheserver" time="0.0">
    <ignored/>
  </testcase> <!-- @AfterSuite toclosetheserver -->
  <testcase classname="GenericLibrary.BaseTest" name="@BeforeSuite toConnectTheServer" time="0.0">
    <ignored/>
  </testcase> <!-- @BeforeSuite toConnectTheServer -->
  <testcase classname="GenericLibrary.BaseTest" name="@AfterTest toCloseTheDb" time="0.0">
    <ignored/>
  </testcase> <!-- @AfterTest toCloseTheDb -->
  <testcase classname="GenericLibrary.BaseTest" name="@BeforeSuite toConnectTheServer" time="0.0">
    <ignored/>
  </testcase> <!-- @BeforeSuite toConnectTheServer -->
</testsuite> <!-- Test -->
